2023-03-29 21:08:05,017 NanoPlot 1.41.0 started with arguments Namespace(N50=False, alength=False, bam=None, barcoded=False, color='#4CB391', colormap='Greens', cram=None, downsample=None, dpi=100, drop_outliers=False, fasta=None, fastq=['85_mock1.fastq'], fastq_minimal=None, fastq_rich=None, feather=None, font_scale=1, format=['png'], hide_stats=False, huge=False, info_in_report=False, legacy=None, listcolormaps=False, listcolors=False, loglength=False, maxlength=None, minlength=None, minqual=None, no_N50=False, no_static=False, no_supplementary=False, outdir='.', path='./85_mock1_Raw_', percentqual=False, pickle=None, plots=['kde', 'dot'], prefix='85_mock1_Raw_', raw=False, readtype='1D', runtime_until=None, store=False, summary=None, threads=1, title=None, tsv_stats=False, ubam=None, verbose=False)
2023-03-29 21:08:05,017 Python version is: 3.7.12 | packaged by conda-forge | (default, Oct 26 2021, 06:08:21)  [GCC 9.4.0]
2023-03-29 21:08:05,045 Nanoget: Starting to collect statistics from plain fastq file.
2023-03-29 21:08:11,470 Reduced DataFrame memory usage from 0.91552734375Mb to 0.5340576171875Mb
2023-03-29 21:08:11,488 Nanoget: Gathered all metrics of 40000 reads
2023-03-29 21:08:11,515 Calculated statistics
2023-03-29 21:08:11,516 Using sequenced read lengths for plotting.
2023-03-29 21:08:11,521 NanoPlot:  Valid color #4CB391.
2023-03-29 21:08:11,521 NanoPlot:  Valid colormap Greens.
2023-03-29 21:08:11,525 NanoPlot:  Creating length plots for Read length.
2023-03-29 21:08:11,525 NanoPlot:  Using 40000 reads maximum of 1571bp.
2023-03-29 21:08:13,613 Saved ./85_mock1_Raw_WeightedHistogramReadlength  as png (or png for --legacy)
2023-03-29 21:08:14,398 Saved ./85_mock1_Raw_WeightedLogTransformed_HistogramReadlength  as png (or png for --legacy)
2023-03-29 21:08:15,389 Saved ./85_mock1_Raw_Non_weightedHistogramReadlength  as png (or png for --legacy)
2023-03-29 21:08:16,273 Saved ./85_mock1_Raw_Non_weightedLogTransformed_HistogramReadlength  as png (or png for --legacy)
2023-03-29 21:08:18,097 Saved ./85_mock1_Raw_Yield_By_Length  as png (or png for --legacy)
2023-03-29 21:08:18,098 Created length plots
2023-03-29 21:08:18,102 NanoPlot: Creating Read lengths vs Average read quality plots using 40000 reads.
2023-03-29 21:08:19,816 Saved ./85_mock1_Raw_LengthvsQualityScatterPlot_dot  as png (or png for --legacy)
2023-03-29 21:08:22,552 Saved ./85_mock1_Raw_LengthvsQualityScatterPlot_kde  as png (or png for --legacy)
2023-03-29 21:08:22,553 Created LengthvsQual plot
2023-03-29 21:08:22,554 Writing html report.
2023-03-29 21:08:22,583 Finished!
