2023-03-29 21:08:05,366 NanoPlot 1.41.0 started with arguments Namespace(N50=False, alength=False, bam=None, barcoded=False, color='#4CB391', colormap='Greens', cram=None, downsample=None, dpi=100, drop_outliers=False, fasta=None, fastq=['95_mock1.fastq'], fastq_minimal=None, fastq_rich=None, feather=None, font_scale=1, format=['png'], hide_stats=False, huge=False, info_in_report=False, legacy=None, listcolormaps=False, listcolors=False, loglength=False, maxlength=None, minlength=None, minqual=None, no_N50=False, no_static=False, no_supplementary=False, outdir='.', path='./95_mock1_Raw_', percentqual=False, pickle=None, plots=['kde', 'dot'], prefix='95_mock1_Raw_', raw=False, readtype='1D', runtime_until=None, store=False, summary=None, threads=1, title=None, tsv_stats=False, ubam=None, verbose=False)
2023-03-29 21:08:05,366 Python version is: 3.7.12 | packaged by conda-forge | (default, Oct 26 2021, 06:08:21)  [GCC 9.4.0]
2023-03-29 21:08:05,385 Nanoget: Starting to collect statistics from plain fastq file.
2023-03-29 21:08:10,730 Reduced DataFrame memory usage from 0.91552734375Mb to 0.5340576171875Mb
2023-03-29 21:08:10,748 Nanoget: Gathered all metrics of 40000 reads
2023-03-29 21:08:10,870 Calculated statistics
2023-03-29 21:08:10,872 Using sequenced read lengths for plotting.
2023-03-29 21:08:10,880 NanoPlot:  Valid color #4CB391.
2023-03-29 21:08:10,880 NanoPlot:  Valid colormap Greens.
2023-03-29 21:08:10,887 NanoPlot:  Creating length plots for Read length.
2023-03-29 21:08:10,887 NanoPlot:  Using 40000 reads maximum of 1578bp.
2023-03-29 21:08:13,347 Saved ./95_mock1_Raw_WeightedHistogramReadlength  as png (or png for --legacy)
2023-03-29 21:08:14,207 Saved ./95_mock1_Raw_WeightedLogTransformed_HistogramReadlength  as png (or png for --legacy)
2023-03-29 21:08:15,101 Saved ./95_mock1_Raw_Non_weightedHistogramReadlength  as png (or png for --legacy)
2023-03-29 21:08:16,040 Saved ./95_mock1_Raw_Non_weightedLogTransformed_HistogramReadlength  as png (or png for --legacy)
2023-03-29 21:08:18,155 Saved ./95_mock1_Raw_Yield_By_Length  as png (or png for --legacy)
2023-03-29 21:08:18,156 Created length plots
2023-03-29 21:08:18,160 NanoPlot: Creating Read lengths vs Average read quality plots using 40000 reads.
2023-03-29 21:08:19,979 Saved ./95_mock1_Raw_LengthvsQualityScatterPlot_dot  as png (or png for --legacy)
2023-03-29 21:08:22,837 Saved ./95_mock1_Raw_LengthvsQualityScatterPlot_kde  as png (or png for --legacy)
2023-03-29 21:08:22,838 Created LengthvsQual plot
2023-03-29 21:08:22,839 Writing html report.
2023-03-29 21:08:22,870 Finished!
