2023-03-29 21:08:28,725 NanoPlot 1.41.0 started with arguments Namespace(N50=False, alength=False, bam=None, barcoded=False, color='#4CB391', colormap='Greens', cram=None, downsample=None, dpi=100, drop_outliers=False, fasta=None, fastq=['Filt_Scrubb_95_mock3.fastq'], fastq_minimal=None, fastq_rich=None, feather=None, font_scale=1, format=['png'], hide_stats=False, huge=False, info_in_report=False, legacy=None, listcolormaps=False, listcolors=False, loglength=False, maxlength=None, minlength=None, minqual=None, no_N50=False, no_static=False, no_supplementary=False, outdir='.', path='./95_mock3_Filtered_Scrubbed_', percentqual=False, pickle=None, plots=['kde', 'dot'], prefix='95_mock3_Filtered_Scrubbed_', raw=False, readtype='1D', runtime_until=None, store=False, summary=None, threads=1, title=None, tsv_stats=False, ubam=None, verbose=False)
2023-03-29 21:08:28,725 Python version is: 3.7.12 | packaged by conda-forge | (default, Oct 26 2021, 06:08:21)  [GCC 9.4.0]
2023-03-29 21:08:28,743 Nanoget: Starting to collect statistics from plain fastq file.
2023-03-29 21:08:34,227 Reduced DataFrame memory usage from 0.91552734375Mb to 0.5340576171875Mb
2023-03-29 21:08:34,238 Nanoget: Gathered all metrics of 40000 reads
2023-03-29 21:08:34,263 Calculated statistics
2023-03-29 21:08:34,264 Using sequenced read lengths for plotting.
2023-03-29 21:08:34,268 NanoPlot:  Valid color #4CB391.
2023-03-29 21:08:34,268 NanoPlot:  Valid colormap Greens.
2023-03-29 21:08:34,271 NanoPlot:  Creating length plots for Read length.
2023-03-29 21:08:34,271 NanoPlot:  Using 40000 reads maximum of 1576bp.
2023-03-29 21:08:35,988 Saved ./95_mock3_Filtered_Scrubbed_WeightedHistogramReadlength  as png (or png for --legacy)
2023-03-29 21:08:36,592 Saved ./95_mock3_Filtered_Scrubbed_WeightedLogTransformed_HistogramReadlength  as png (or png for --legacy)
2023-03-29 21:08:37,196 Saved ./95_mock3_Filtered_Scrubbed_Non_weightedHistogramReadlength  as png (or png for --legacy)
2023-03-29 21:08:37,850 Saved ./95_mock3_Filtered_Scrubbed_Non_weightedLogTransformed_HistogramReadlength  as png (or png for --legacy)
2023-03-29 21:08:39,385 Saved ./95_mock3_Filtered_Scrubbed_Yield_By_Length  as png (or png for --legacy)
2023-03-29 21:08:39,386 Created length plots
2023-03-29 21:08:39,392 NanoPlot: Creating Read lengths vs Average read quality plots using 40000 reads.
2023-03-29 21:08:40,858 Saved ./95_mock3_Filtered_Scrubbed_LengthvsQualityScatterPlot_dot  as png (or png for --legacy)
2023-03-29 21:08:42,933 Saved ./95_mock3_Filtered_Scrubbed_LengthvsQualityScatterPlot_kde  as png (or png for --legacy)
2023-03-29 21:08:42,935 Created LengthvsQual plot
2023-03-29 21:08:42,935 Writing html report.
2023-03-29 21:08:42,957 Finished!
